<?xml version="1.0" encoding="UTF-8"?>

<!-- generated on 2023-06-28 13:09:34 by Eclipse SUMO GUI Version 1.17.0
<configuration xmlns:xsi="http://www.w3.org/2001/XMLSchema-instance" xsi:noNamespaceSchemaLocation="http://sumo.dlr.de/xsd/sumoConfiguration.xsd">

    <input>
        <net-file value="././Net/dqnm.net.xml"/>
        <route-files value="././Rou/random.rou.xml"/>
        <additional-files value="././Add/random.det.xml"/>
    </input>

    <output>
        <tripinfo-output value="tripinfo.xml"/>
    </output>

    <time>
        <begin value="0"/>
        <end value="10000"/>
    </time>

    <traci_server>
        <remote-port value="54309"/>
    </traci_server>

    <gui_only>
        <gui-settings-file value="./rl1.settings.xml"/>
    </gui_only>

</configuration>
-->

<detector xmlns:xsi="http://www.w3.org/2001/XMLSchema-instance" xsi:noNamespaceSchemaLocation="http://sumo.dlr.de/xsd/det_e1_file.xsd">
    <interval begin="0.00" end="30.00" id="-D0" nVehContrib="0" flow="0.00" occupancy="0.00" speed="-1.00" harmonicMeanSpeed="-1.00" length="-1.00" nVehEntered="0"/>
    <interval begin="0.00" end="30.00" id="-D1" nVehContrib="0" flow="0.00" occupancy="0.00" speed="-1.00" harmonicMeanSpeed="-1.00" length="-1.00" nVehEntered="0"/>
    <interval begin="0.00" end="30.00" id="-D2" nVehContrib="0" flow="0.00" occupancy="0.00" speed="-1.00" harmonicMeanSpeed="-1.00" length="-1.00" nVehEntered="0"/>
    <interval begin="0.00" end="30.00" id="-D3" nVehContrib="0" flow="0.00" occupancy="0.00" speed="-1.00" harmonicMeanSpeed="-1.00" length="-1.00" nVehEntered="0"/>
    <interval begin="0.00" end="30.00" id="-D4" nVehContrib="0" flow="0.00" occupancy="0.00" speed="-1.00" harmonicMeanSpeed="-1.00" length="-1.00" nVehEntered="0"/>
    <interval begin="0.00" end="30.00" id="-D5" nVehContrib="0" flow="0.00" occupancy="0.00" speed="-1.00" harmonicMeanSpeed="-1.00" length="-1.00" nVehEntered="0"/>
    <interval begin="0.00" end="30.00" id="-D6" nVehContrib="0" flow="0.00" occupancy="0.00" speed="-1.00" harmonicMeanSpeed="-1.00" length="-1.00" nVehEntered="0"/>
    <interval begin="0.00" end="30.00" id="-D7" nVehContrib="0" flow="0.00" occupancy="0.00" speed="-1.00" harmonicMeanSpeed="-1.00" length="-1.00" nVehEntered="0"/>
    <interval begin="0.00" end="30.00" id="-D8" nVehContrib="0" flow="0.00" occupancy="0.00" speed="-1.00" harmonicMeanSpeed="-1.00" length="-1.00" nVehEntered="0"/>
    <interval begin="0.00" end="30.00" id="-D9" nVehContrib="0" flow="0.00" occupancy="0.00" speed="-1.00" harmonicMeanSpeed="-1.00" length="-1.00" nVehEntered="0"/>
    <interval begin="0.00" end="30.00" id="D0" nVehContrib="1" flow="120.00" occupancy="1.33" speed="12.51" harmonicMeanSpeed="12.51" length="5.00" nVehEntered="1"/>
    <interval begin="0.00" end="30.00" id="D1" nVehContrib="0" flow="0.00" occupancy="0.00" speed="-1.00" harmonicMeanSpeed="-1.00" length="-1.00" nVehEntered="0"/>
    <interval begin="0.00" end="30.00" id="D2" nVehContrib="0" flow="0.00" occupancy="0.00" speed="-1.00" harmonicMeanSpeed="-1.00" length="-1.00" nVehEntered="0"/>
    <interval begin="0.00" end="30.00" id="D3" nVehContrib="0" flow="0.00" occupancy="0.00" speed="-1.00" harmonicMeanSpeed="-1.00" length="-1.00" nVehEntered="0"/>
    <interval begin="0.00" end="30.00" id="D4" nVehContrib="0" flow="0.00" occupancy="0.00" speed="-1.00" harmonicMeanSpeed="-1.00" length="-1.00" nVehEntered="0"/>
    <interval begin="0.00" end="30.00" id="D5" nVehContrib="0" flow="0.00" occupancy="0.00" speed="-1.00" harmonicMeanSpeed="-1.00" length="-1.00" nVehEntered="0"/>
    <interval begin="0.00" end="30.00" id="D6" nVehContrib="0" flow="0.00" occupancy="0.00" speed="-1.00" harmonicMeanSpeed="-1.00" length="-1.00" nVehEntered="0"/>
    <interval begin="0.00" end="30.00" id="D7" nVehContrib="0" flow="0.00" occupancy="0.00" speed="-1.00" harmonicMeanSpeed="-1.00" length="-1.00" nVehEntered="0"/>
    <interval begin="0.00" end="30.00" id="D8" nVehContrib="0" flow="0.00" occupancy="0.00" speed="-1.00" harmonicMeanSpeed="-1.00" length="-1.00" nVehEntered="0"/>
    <interval begin="0.00" end="30.00" id="D9" nVehContrib="0" flow="0.00" occupancy="0.00" speed="-1.00" harmonicMeanSpeed="-1.00" length="-1.00" nVehEntered="0"/>
    <interval begin="30.00" end="60.00" id="-D0" nVehContrib="0" flow="0.00" occupancy="0.00" speed="-1.00" harmonicMeanSpeed="-1.00" length="-1.00" nVehEntered="0"/>
    <interval begin="30.00" end="60.00" id="-D1" nVehContrib="2" flow="240.00" occupancy="4.32" speed="7.71" harmonicMeanSpeed="7.71" length="5.00" nVehEntered="2"/>
    <interval begin="30.00" end="60.00" id="-D2" nVehContrib="2" flow="240.00" occupancy="4.63" speed="7.20" harmonicMeanSpeed="7.20" length="5.00" nVehEntered="2"/>
    <interval begin="30.00" end="60.00" id="-D3" nVehContrib="0" flow="0.00" occupancy="0.00" speed="-1.00" harmonicMeanSpeed="-1.00" length="-1.00" nVehEntered="0"/>
    <interval begin="30.00" end="60.00" id="-D4" nVehContrib="0" flow="0.00" occupancy="0.00" speed="-1.00" harmonicMeanSpeed="-1.00" length="-1.00" nVehEntered="0"/>
    <interval begin="30.00" end="60.00" id="-D5" nVehContrib="1" flow="120.00" occupancy="1.87" speed="8.91" harmonicMeanSpeed="8.91" length="5.00" nVehEntered="1"/>
    <interval begin="30.00" end="60.00" id="-D6" nVehContrib="0" flow="0.00" occupancy="0.00" speed="-1.00" harmonicMeanSpeed="-1.00" length="-1.00" nVehEntered="0"/>
    <interval begin="30.00" end="60.00" id="-D7" nVehContrib="1" flow="120.00" occupancy="2.03" speed="8.21" harmonicMeanSpeed="8.21" length="5.00" nVehEntered="1"/>
    <interval begin="30.00" end="60.00" id="-D8" nVehContrib="0" flow="0.00" occupancy="0.00" speed="-1.00" harmonicMeanSpeed="-1.00" length="-1.00" nVehEntered="0"/>
    <interval begin="30.00" end="60.00" id="-D9" nVehContrib="1" flow="120.00" occupancy="2.15" speed="7.75" harmonicMeanSpeed="7.75" length="5.00" nVehEntered="1"/>
    <interval begin="30.00" end="60.00" id="D0" nVehContrib="1" flow="120.00" occupancy="2.18" speed="7.66" harmonicMeanSpeed="7.66" length="5.00" nVehEntered="1"/>
    <interval begin="30.00" end="60.00" id="D1" nVehContrib="0" flow="0.00" occupancy="0.00" speed="-1.00" harmonicMeanSpeed="-1.00" length="-1.00" nVehEntered="0"/>
    <interval begin="30.00" end="60.00" id="D2" nVehContrib="1" flow="120.00" occupancy="2.30" speed="7.24" harmonicMeanSpeed="7.24" length="5.00" nVehEntered="1"/>
    <interval begin="30.00" end="60.00" id="D3" nVehContrib="0" flow="0.00" occupancy="0.00" speed="-1.00" harmonicMeanSpeed="-1.00" length="-1.00" nVehEntered="0"/>
    <interval begin="30.00" end="60.00" id="D4" nVehContrib="1" flow="120.00" occupancy="2.28" speed="7.32" harmonicMeanSpeed="7.32" length="5.00" nVehEntered="1"/>
    <interval begin="30.00" end="60.00" id="D5" nVehContrib="0" flow="0.00" occupancy="0.00" speed="-1.00" harmonicMeanSpeed="-1.00" length="-1.00" nVehEntered="0"/>
    <interval begin="30.00" end="60.00" id="D6" nVehContrib="0" flow="0.00" occupancy="0.00" speed="-1.00" harmonicMeanSpeed="-1.00" length="-1.00" nVehEntered="0"/>
    <interval begin="30.00" end="60.00" id="D7" nVehContrib="1" flow="120.00" occupancy="2.34" speed="7.11" harmonicMeanSpeed="7.11" length="5.00" nVehEntered="1"/>
    <interval begin="30.00" end="60.00" id="D8" nVehContrib="0" flow="0.00" occupancy="2.42" speed="-1.00" harmonicMeanSpeed="-1.00" length="-1.00" nVehEntered="1"/>
    <interval begin="30.00" end="60.00" id="D9" nVehContrib="0" flow="0.00" occupancy="0.00" speed="-1.00" harmonicMeanSpeed="-1.00" length="-1.00" nVehEntered="0"/>
    <interval begin="60.00" end="90.00" id="-D0" nVehContrib="2" flow="240.00" occupancy="2.99" speed="11.15" harmonicMeanSpeed="11.15" length="5.00" nVehEntered="2"/>
    <interval begin="60.00" end="90.00" id="-D1" nVehContrib="0" flow="0.00" occupancy="0.00" speed="-1.00" harmonicMeanSpeed="-1.00" length="-1.00" nVehEntered="0"/>
    <interval begin="60.00" end="90.00" id="-D2" nVehContrib="1" flow="120.00" occupancy="2.27" speed="7.35" harmonicMeanSpeed="7.35" length="5.00" nVehEntered="1"/>
    <interval begin="60.00" end="90.00" id="-D3" nVehContrib="0" flow="0.00" occupancy="0.00" speed="-1.00" harmonicMeanSpeed="-1.00" length="-1.00" nVehEntered="0"/>
    <interval begin="60.00" end="90.00" id="-D4" nVehContrib="1" flow="120.00" occupancy="5.74" speed="4.64" harmonicMeanSpeed="4.64" length="8.00" nVehEntered="1"/>
    <interval begin="60.00" end="90.00" id="-D5" nVehContrib="2" flow="240.00" occupancy="2.94" speed="11.33" harmonicMeanSpeed="11.33" length="5.00" nVehEntered="2"/>
    <interval begin="60.00" end="90.00" id="-D6" nVehContrib="0" flow="0.00" occupancy="0.00" speed="-1.00" harmonicMeanSpeed="-1.00" length="-1.00" nVehEntered="0"/>
    <interval begin="60.00" end="90.00" id="-D7" nVehContrib="1" flow="120.00" occupancy="2.16" speed="7.71" harmonicMeanSpeed="7.71" length="5.00" nVehEntered="1"/>
    <interval begin="60.00" end="90.00" id="-D8" nVehContrib="3" flow="360.00" occupancy="4.46" speed="11.22" harmonicMeanSpeed="11.21" length="5.00" nVehEntered="3"/>
    <interval begin="60.00" end="90.00" id="-D9" nVehContrib="2" flow="240.00" occupancy="4.45" speed="7.54" harmonicMeanSpeed="7.50" length="5.00" nVehEntered="2"/>
    <interval begin="60.00" end="90.00" id="D0" nVehContrib="0" flow="0.00" occupancy="0.27" speed="-1.00" harmonicMeanSpeed="-1.00" length="-1.00" nVehEntered="1"/>
    <interval begin="60.00" end="90.00" id="D1" nVehContrib="0" flow="0.00" occupancy="0.00" speed="-1.00" harmonicMeanSpeed="-1.00" length="-1.00" nVehEntered="0"/>
    <interval begin="60.00" end="90.00" id="D2" nVehContrib="1" flow="120.00" occupancy="2.12" speed="7.85" harmonicMeanSpeed="7.85" length="5.00" nVehEntered="1"/>
    <interval begin="60.00" end="90.00" id="D3" nVehContrib="0" flow="0.00" occupancy="0.00" speed="-1.00" harmonicMeanSpeed="-1.00" length="-1.00" nVehEntered="0"/>
    <interval begin="60.00" end="90.00" id="D4" nVehContrib="2" flow="240.00" occupancy="2.88" speed="11.59" harmonicMeanSpeed="11.59" length="5.00" nVehEntered="2"/>
    <interval begin="60.00" end="90.00" id="D5" nVehContrib="2" flow="240.00" occupancy="4.33" speed="7.72" harmonicMeanSpeed="7.70" length="5.00" nVehEntered="2"/>
    <interval begin="60.00" end="90.00" id="D6" nVehContrib="2" flow="240.00" occupancy="14.68" speed="4.72" harmonicMeanSpeed="2.27" length="5.00" nVehEntered="2"/>
    <interval begin="60.00" end="90.00" id="D7" nVehContrib="2" flow="240.00" occupancy="5.98" speed="5.75" harmonicMeanSpeed="5.57" length="5.00" nVehEntered="2"/>
    <interval begin="60.00" end="90.00" id="D8" nVehContrib="3" flow="360.00" occupancy="7.20" speed="7.57" harmonicMeanSpeed="6.69" length="6.00" nVehEntered="2"/>
    <interval begin="60.00" end="90.00" id="D9" nVehContrib="0" flow="0.00" occupancy="0.00" speed="-1.00" harmonicMeanSpeed="-1.00" length="-1.00" nVehEntered="0"/>
    <interval begin="90.00" end="120.00" id="-D0" nVehContrib="0" flow="0.00" occupancy="0.00" speed="-1.00" harmonicMeanSpeed="-1.00" length="-1.00" nVehEntered="0"/>
    <interval begin="90.00" end="120.00" id="-D1" nVehContrib="0" flow="0.00" occupancy="0.00" speed="-1.00" harmonicMeanSpeed="-1.00" length="-1.00" nVehEntered="0"/>
    <interval begin="90.00" end="120.00" id="-D2" nVehContrib="2" flow="240.00" occupancy="4.47" speed="7.47" harmonicMeanSpeed="7.46" length="5.00" nVehEntered="2"/>
    <interval begin="90.00" end="120.00" id="-D3" nVehContrib="0" flow="0.00" occupancy="0.00" speed="-1.00" harmonicMeanSpeed="-1.00" length="-1.00" nVehEntered="0"/>
    <interval begin="90.00" end="120.00" id="-D4" nVehContrib="4" flow="480.00" occupancy="12.57" speed="6.85" harmonicMeanSpeed="6.38" length="5.75" nVehEntered="4"/>
    <interval begin="90.00" end="120.00" id="-D5" nVehContrib="2" flow="240.00" occupancy="3.58" speed="9.69" harmonicMeanSpeed="9.32" length="5.00" nVehEntered="2"/>
    <interval begin="90.00" end="120.00" id="-D6" nVehContrib="0" flow="0.00" occupancy="0.00" speed="-1.00" harmonicMeanSpeed="-1.00" length="-1.00" nVehEntered="0"/>
    <interval begin="90.00" end="120.00" id="-D7" nVehContrib="2" flow="240.00" occupancy="4.48" speed="7.46" harmonicMeanSpeed="7.44" length="5.00" nVehEntered="2"/>
    <interval begin="90.00" end="120.00" id="-D8" nVehContrib="4" flow="480.00" occupancy="5.83" speed="11.43" harmonicMeanSpeed="11.43" length="5.00" nVehEntered="4"/>
    <interval begin="90.00" end="120.00" id="-D9" nVehContrib="1" flow="120.00" occupancy="2.30" speed="7.25" harmonicMeanSpeed="7.25" length="5.00" nVehEntered="1"/>
    <interval begin="90.00" end="120.00" id="D0" nVehContrib="3" flow="360.00" occupancy="10.42" speed="7.03" harmonicMeanSpeed="5.84" length="6.00" nVehEntered="2"/>
    <interval begin="90.00" end="120.00" id="D1" nVehContrib="3" flow="360.00" occupancy="4.33" speed="11.54" harmonicMeanSpeed="11.54" length="5.00" nVehEntered="3"/>
    <interval begin="90.00" end="120.00" id="D2" nVehContrib="0" flow="0.00" occupancy="0.00" speed="-1.00" harmonicMeanSpeed="-1.00" length="-1.00" nVehEntered="0"/>
    <interval begin="90.00" end="120.00" id="D3" nVehContrib="0" flow="0.00" occupancy="0.00" speed="-1.00" harmonicMeanSpeed="-1.00" length="-1.00" nVehEntered="0"/>
    <interval begin="90.00" end="120.00" id="D4" nVehContrib="1" flow="120.00" occupancy="2.66" speed="11.20" harmonicMeanSpeed="11.20" length="5.00" nVehEntered="2"/>
    <interval begin="90.00" end="120.00" id="D5" nVehContrib="4" flow="480.00" occupancy="7.56" speed="9.04" harmonicMeanSpeed="8.82" length="5.00" nVehEntered="4"/>
    <interval begin="90.00" end="120.00" id="D6" nVehContrib="0" flow="0.00" occupancy="0.00" speed="-1.00" harmonicMeanSpeed="-1.00" length="-1.00" nVehEntered="0"/>
    <interval begin="90.00" end="120.00" id="D7" nVehContrib="2" flow="240.00" occupancy="4.27" speed="7.94" harmonicMeanSpeed="7.81" length="5.00" nVehEntered="2"/>
    <interval begin="90.00" end="120.00" id="D8" nVehContrib="2" flow="240.00" occupancy="4.44" speed="7.56" harmonicMeanSpeed="7.51" length="5.00" nVehEntered="2"/>
    <interval begin="90.00" end="120.00" id="D9" nVehContrib="1" flow="120.00" occupancy="1.47" speed="11.30" harmonicMeanSpeed="11.30" length="5.00" nVehEntered="1"/>
    <interval begin="120.00" end="150.00" id="-D0" nVehContrib="0" flow="0.00" occupancy="0.00" speed="-1.00" harmonicMeanSpeed="-1.00" length="-1.00" nVehEntered="0"/>
    <interval begin="120.00" end="150.00" id="-D1" nVehContrib="0" flow="0.00" occupancy="0.00" speed="-1.00" harmonicMeanSpeed="-1.00" length="-1.00" nVehEntered="0"/>
    <interval begin="120.00" end="150.00" id="-D2" nVehContrib="1" flow="120.00" occupancy="1.45" speed="11.47" harmonicMeanSpeed="11.47" length="5.00" nVehEntered="1"/>
    <interval begin="120.00" end="150.00" id="-D3" nVehContrib="4" flow="480.00" occupancy="13.38" speed="6.28" harmonicMeanSpeed="5.93" length="5.75" nVehEntered="4"/>
    <interval begin="120.00" end="150.00" id="-D4" nVehContrib="2" flow="240.00" occupancy="9.04" speed="4.82" harmonicMeanSpeed="4.82" length="6.50" nVehEntered="2"/>
    <interval begin="120.00" end="150.00" id="-D5" nVehContrib="3" flow="360.00" occupancy="14.95" speed="4.05" harmonicMeanSpeed="3.98" length="6.00" nVehEntered="4"/>
    <interval begin="120.00" end="150.00" id="-D6" nVehContrib="1" flow="120.00" occupancy="5.71" speed="4.67" harmonicMeanSpeed="4.67" length="8.00" nVehEntered="1"/>
    <interval begin="120.00" end="150.00" id="-D7" nVehContrib="2" flow="240.00" occupancy="29.99" speed="2.59" harmonicMeanSpeed="1.11" length="5.00" nVehEntered="2"/>
    <interval begin="120.00" end="150.00" id="-D8" nVehContrib="1" flow="120.00" occupancy="1.43" speed="11.66" harmonicMeanSpeed="11.66" length="5.00" nVehEntered="1"/>
    <interval begin="120.00" end="150.00" id="-D9" nVehContrib="1" flow="120.00" occupancy="2.10" speed="7.94" harmonicMeanSpeed="7.94" length="5.00" nVehEntered="1"/>
    <interval begin="120.00" end="150.00" id="D0" nVehContrib="1" flow="120.00" occupancy="1.44" speed="11.56" harmonicMeanSpeed="11.56" length="5.00" nVehEntered="1"/>
    <interval begin="120.00" end="150.00" id="D1" nVehContrib="2" flow="240.00" occupancy="2.84" speed="11.75" harmonicMeanSpeed="11.75" length="5.00" nVehEntered="2"/>
    <interval begin="120.00" end="150.00" id="D2" nVehContrib="0" flow="0.00" occupancy="0.00" speed="-1.00" harmonicMeanSpeed="-1.00" length="-1.00" nVehEntered="0"/>
    <interval begin="120.00" end="150.00" id="D3" nVehContrib="6" flow="720.00" occupancy="16.26" speed="7.42" harmonicMeanSpeed="7.08" length="5.50" nVehEntered="6"/>
    <interval begin="120.00" end="150.00" id="D4" nVehContrib="3" flow="360.00" occupancy="3.23" speed="11.34" harmonicMeanSpeed="11.34" length="5.00" nVehEntered="2"/>
    <interval begin="120.00" end="150.00" id="D5" nVehContrib="0" flow="0.00" occupancy="0.00" speed="-1.00" harmonicMeanSpeed="-1.00" length="-1.00" nVehEntered="0"/>
    <interval begin="120.00" end="150.00" id="D6" nVehContrib="0" flow="0.00" occupancy="0.00" speed="-1.00" harmonicMeanSpeed="-1.00" length="-1.00" nVehEntered="0"/>
    <interval begin="120.00" end="150.00" id="D7" nVehContrib="3" flow="360.00" occupancy="8.02" speed="6.45" harmonicMeanSpeed="6.24" length="5.00" nVehEntered="3"/>
    <interval begin="120.00" end="150.00" id="D8" nVehContrib="2" flow="240.00" occupancy="3.56" speed="9.71" harmonicMeanSpeed="9.37" length="5.00" nVehEntered="2"/>
    <interval begin="120.00" end="150.00" id="D9" nVehContrib="1" flow="120.00" occupancy="1.49" speed="11.20" harmonicMeanSpeed="11.20" length="5.00" nVehEntered="1"/>
    <interval begin="150.00" end="180.00" id="-D0" nVehContrib="1" flow="120.00" occupancy="1.46" speed="11.40" harmonicMeanSpeed="11.40" length="5.00" nVehEntered="1"/>
    <interval begin="150.00" end="180.00" id="-D1" nVehContrib="0" flow="0.00" occupancy="0.00" speed="-1.00" harmonicMeanSpeed="-1.00" length="-1.00" nVehEntered="0"/>
    <interval begin="150.00" end="180.00" id="-D2" nVehContrib="2" flow="240.00" occupancy="4.05" speed="11.41" harmonicMeanSpeed="11.41" length="5.00" nVehEntered="3"/>
    <interval begin="150.00" end="180.00" id="-D3" nVehContrib="3" flow="360.00" occupancy="4.62" speed="10.88" harmonicMeanSpeed="10.82" length="5.00" nVehEntered="3"/>
    <interval begin="150.00" end="180.00" id="-D4" nVehContrib="3" flow="360.00" occupancy="12.69" speed="4.77" harmonicMeanSpeed="4.76" length="6.00" nVehEntered="3"/>
    <interval begin="150.00" end="180.00" id="-D5" nVehContrib="8" flow="960.00" occupancy="16.40" speed="8.65" harmonicMeanSpeed="8.02" length="5.00" nVehEntered="7"/>
    <interval begin="150.00" end="180.00" id="-D6" nVehContrib="1" flow="120.00" occupancy="5.42" speed="4.92" harmonicMeanSpeed="4.92" length="8.00" nVehEntered="1"/>
    <interval begin="150.00" end="180.00" id="-D7" nVehContrib="1" flow="120.00" occupancy="2.44" speed="6.82" harmonicMeanSpeed="6.82" length="5.00" nVehEntered="1"/>
    <interval begin="150.00" end="180.00" id="-D8" nVehContrib="5" flow="600.00" occupancy="15.14" speed="6.77" harmonicMeanSpeed="6.40" length="5.60" nVehEntered="5"/>
    <interval begin="150.00" end="180.00" id="-D9" nVehContrib="0" flow="0.00" occupancy="0.00" speed="-1.00" harmonicMeanSpeed="-1.00" length="-1.00" nVehEntered="0"/>
    <interval begin="150.00" end="180.00" id="D0" nVehContrib="1" flow="120.00" occupancy="2.11" speed="7.91" harmonicMeanSpeed="7.91" length="5.00" nVehEntered="1"/>
    <interval begin="150.00" end="180.00" id="D1" nVehContrib="2" flow="240.00" occupancy="2.97" speed="11.22" harmonicMeanSpeed="11.22" length="5.00" nVehEntered="2"/>
    <interval begin="150.00" end="180.00" id="D2" nVehContrib="0" flow="0.00" occupancy="0.00" speed="-1.00" harmonicMeanSpeed="-1.00" length="-1.00" nVehEntered="0"/>
    <interval begin="150.00" end="180.00" id="D3" nVehContrib="0" flow="0.00" occupancy="0.00" speed="-1.00" harmonicMeanSpeed="-1.00" length="-1.00" nVehEntered="0"/>
    <interval begin="150.00" end="180.00" id="D4" nVehContrib="2" flow="240.00" occupancy="3.57" speed="9.72" harmonicMeanSpeed="9.35" length="5.00" nVehEntered="2"/>
    <interval begin="150.00" end="180.00" id="D5" nVehContrib="4" flow="480.00" occupancy="13.84" speed="5.94" harmonicMeanSpeed="5.70" length="5.75" nVehEntered="4"/>
    <interval begin="150.00" end="180.00" id="D6" nVehContrib="1" flow="120.00" occupancy="5.78" speed="4.62" harmonicMeanSpeed="4.62" length="8.00" nVehEntered="1"/>
    <interval begin="150.00" end="180.00" id="D7" nVehContrib="1" flow="120.00" occupancy="2.12" speed="7.85" harmonicMeanSpeed="7.85" length="5.00" nVehEntered="1"/>
    <interval begin="150.00" end="180.00" id="D8" nVehContrib="2" flow="240.00" occupancy="21.32" speed="4.77" harmonicMeanSpeed="1.60" length="5.00" nVehEntered="3"/>
    <interval begin="150.00" end="180.00" id="D9" nVehContrib="0" flow="0.00" occupancy="0.00" speed="-1.00" harmonicMeanSpeed="-1.00" length="-1.00" nVehEntered="0"/>
    <interval begin="180.00" end="210.00" id="-D0" nVehContrib="0" flow="0.00" occupancy="0.00" speed="-1.00" harmonicMeanSpeed="-1.00" length="-1.00" nVehEntered="0"/>
    <interval begin="180.00" end="210.00" id="-D1" nVehContrib="6" flow="720.00" occupancy="30.33" speed="4.45" harmonicMeanSpeed="3.55" length="5.50" nVehEntered="6"/>
    <interval begin="180.00" end="210.00" id="-D2" nVehContrib="5" flow="600.00" occupancy="8.20" speed="9.14" harmonicMeanSpeed="8.93" length="5.00" nVehEntered="4"/>
    <interval begin="180.00" end="210.00" id="-D3" nVehContrib="0" flow="0.00" occupancy="0.00" speed="-1.00" harmonicMeanSpeed="-1.00" length="-1.00" nVehEntered="0"/>
    <interval begin="180.00" end="210.00" id="-D4" nVehContrib="2" flow="240.00" occupancy="17.83" speed="4.62" harmonicMeanSpeed="4.62" length="8.00" nVehEntered="3"/>
    <interval begin="180.00" end="210.00" id="-D5" nVehContrib="0" flow="0.00" occupancy="0.00" speed="-1.00" harmonicMeanSpeed="-1.00" length="-1.00" nVehEntered="0"/>
    <interval begin="180.00" end="210.00" id="-D6" nVehContrib="1" flow="120.00" occupancy="15.48" speed="4.57" harmonicMeanSpeed="4.57" length="8.00" nVehEntered="2"/>
    <interval begin="180.00" end="210.00" id="-D7" nVehContrib="1" flow="120.00" occupancy="1.51" speed="11.04" harmonicMeanSpeed="11.04" length="5.00" nVehEntered="1"/>
    <interval begin="180.00" end="210.00" id="-D8" nVehContrib="1" flow="120.00" occupancy="1.46" speed="11.39" harmonicMeanSpeed="11.39" length="5.00" nVehEntered="1"/>
    <interval begin="180.00" end="210.00" id="-D9" nVehContrib="4" flow="480.00" occupancy="17.60" speed="5.10" harmonicMeanSpeed="5.02" length="6.50" nVehEntered="4"/>
    <interval begin="180.00" end="210.00" id="D0" nVehContrib="3" flow="360.00" occupancy="10.31" speed="7.06" harmonicMeanSpeed="6.10" length="6.00" nVehEntered="3"/>
    <interval begin="180.00" end="210.00" id="D1" nVehContrib="3" flow="360.00" occupancy="4.35" speed="11.50" harmonicMeanSpeed="11.50" length="5.00" nVehEntered="3"/>
    <interval begin="180.00" end="210.00" id="D2" nVehContrib="3" flow="360.00" occupancy="11.20" speed="5.53" harmonicMeanSpeed="5.48" length="6.00" nVehEntered="3"/>
    <interval begin="180.00" end="210.00" id="D3" nVehContrib="4" flow="480.00" occupancy="17.67" speed="4.90" harmonicMeanSpeed="4.27" length="5.75" nVehEntered="4"/>
    <interval begin="180.00" end="210.00" id="D4" nVehContrib="0" flow="0.00" occupancy="0.00" speed="-1.00" harmonicMeanSpeed="-1.00" length="-1.00" nVehEntered="0"/>
    <interval begin="180.00" end="210.00" id="D5" nVehContrib="1" flow="120.00" occupancy="38.61" speed="7.93" harmonicMeanSpeed="7.93" length="5.00" nVehEntered="2"/>
    <interval begin="180.00" end="210.00" id="D6" nVehContrib="1" flow="120.00" occupancy="5.68" speed="4.70" harmonicMeanSpeed="4.70" length="8.00" nVehEntered="1"/>
    <interval begin="180.00" end="210.00" id="D7" nVehContrib="1" flow="120.00" occupancy="2.00" speed="8.32" harmonicMeanSpeed="8.32" length="5.00" nVehEntered="1"/>
    <interval begin="180.00" end="210.00" id="D8" nVehContrib="4" flow="480.00" occupancy="5.94" speed="10.63" harmonicMeanSpeed="10.36" length="5.00" nVehEntered="3"/>
    <interval begin="180.00" end="210.00" id="D9" nVehContrib="1" flow="120.00" occupancy="1.41" speed="11.78" harmonicMeanSpeed="11.78" length="5.00" nVehEntered="1"/>
    <interval begin="210.00" end="240.00" id="-D0" nVehContrib="1" flow="120.00" occupancy="1.42" speed="11.71" harmonicMeanSpeed="11.71" length="5.00" nVehEntered="1"/>
    <interval begin="210.00" end="240.00" id="-D1" nVehContrib="0" flow="0.00" occupancy="0.00" speed="-1.00" harmonicMeanSpeed="-1.00" length="-1.00" nVehEntered="0"/>
    <interval begin="210.00" end="240.00" id="-D2" nVehContrib="4" flow="480.00" occupancy="9.18" speed="7.28" harmonicMeanSpeed="7.26" length="5.00" nVehEntered="4"/>
    <interval begin="210.00" end="240.00" id="-D3" nVehContrib="0" flow="0.00" occupancy="0.00" speed="-1.00" harmonicMeanSpeed="-1.00" length="-1.00" nVehEntered="0"/>
    <interval begin="210.00" end="240.00" id="-D4" nVehContrib="6" flow="720.00" occupancy="59.13" speed="3.51" harmonicMeanSpeed="1.64" length="5.50" nVehEntered="6"/>
    <interval begin="210.00" end="240.00" id="-D5" nVehContrib="4" flow="480.00" occupancy="15.58" speed="4.93" harmonicMeanSpeed="4.92" length="5.75" nVehEntered="4"/>
    <interval begin="210.00" end="240.00" id="-D6" nVehContrib="4" flow="480.00" occupancy="14.12" speed="4.17" harmonicMeanSpeed="3.82" length="6.50" nVehEntered="3"/>
    <interval begin="210.00" end="240.00" id="-D7" nVehContrib="0" flow="0.00" occupancy="0.00" speed="-1.00" harmonicMeanSpeed="-1.00" length="-1.00" nVehEntered="0"/>
    <interval begin="210.00" end="240.00" id="-D8" nVehContrib="0" flow="0.00" occupancy="0.00" speed="-1.00" harmonicMeanSpeed="-1.00" length="-1.00" nVehEntered="0"/>
    <interval begin="210.00" end="240.00" id="-D9" nVehContrib="0" flow="0.00" occupancy="0.00" speed="-1.00" harmonicMeanSpeed="-1.00" length="-1.00" nVehEntered="0"/>
    <interval begin="210.00" end="240.00" id="D0" nVehContrib="2" flow="240.00" occupancy="3.73" speed="9.33" harmonicMeanSpeed="8.93" length="5.00" nVehEntered="2"/>
    <interval begin="210.00" end="240.00" id="D1" nVehContrib="3" flow="360.00" occupancy="4.39" speed="11.40" harmonicMeanSpeed="11.40" length="5.00" nVehEntered="3"/>
    <interval begin="210.00" end="240.00" id="D2" nVehContrib="2" flow="240.00" occupancy="8.97" speed="4.98" harmonicMeanSpeed="4.93" length="6.50" nVehEntered="2"/>
    <interval begin="210.00" end="240.00" id="D3" nVehContrib="6" flow="720.00" occupancy="12.30" speed="8.43" harmonicMeanSpeed="8.13" length="5.00" nVehEntered="6"/>
    <interval begin="210.00" end="240.00" id="D4" nVehContrib="2" flow="240.00" occupancy="8.74" speed="5.11" harmonicMeanSpeed="5.07" length="6.50" nVehEntered="2"/>
    <interval begin="210.00" end="240.00" id="D5" nVehContrib="6" flow="720.00" occupancy="67.25" speed="4.47" harmonicMeanSpeed="0.96" length="5.00" nVehEntered="5"/>
    <interval begin="210.00" end="240.00" id="D6" nVehContrib="4" flow="480.00" occupancy="16.78" speed="4.56" harmonicMeanSpeed="4.55" length="5.75" nVehEntered="4"/>
    <interval begin="210.00" end="240.00" id="D7" nVehContrib="0" flow="0.00" occupancy="0.00" speed="-1.00" harmonicMeanSpeed="-1.00" length="-1.00" nVehEntered="0"/>
    <interval begin="210.00" end="240.00" id="D8" nVehContrib="4" flow="480.00" occupancy="7.52" speed="9.04" harmonicMeanSpeed="8.86" length="5.00" nVehEntered="4"/>
    <interval begin="210.00" end="240.00" id="D9" nVehContrib="0" flow="0.00" occupancy="0.00" speed="-1.00" harmonicMeanSpeed="-1.00" length="-1.00" nVehEntered="0"/>
    <interval begin="240.00" end="270.00" id="-D0" nVehContrib="1" flow="120.00" occupancy="1.49" speed="11.17" harmonicMeanSpeed="11.17" length="5.00" nVehEntered="1"/>
    <interval begin="240.00" end="270.00" id="-D1" nVehContrib="1" flow="120.00" occupancy="5.36" speed="4.97" harmonicMeanSpeed="4.97" length="8.00" nVehEntered="1"/>
    <interval begin="240.00" end="270.00" id="-D2" nVehContrib="1" flow="120.00" occupancy="2.43" speed="6.86" harmonicMeanSpeed="6.86" length="5.00" nVehEntered="1"/>
    <interval begin="240.00" end="270.00" id="-D3" nVehContrib="1" flow="120.00" occupancy="5.72" speed="4.66" harmonicMeanSpeed="4.66" length="8.00" nVehEntered="1"/>
    <interval begin="240.00" end="270.00" id="-D4" nVehContrib="5" flow="600.00" occupancy="18.89" speed="4.91" harmonicMeanSpeed="4.89" length="6.20" nVehEntered="4"/>
    <interval begin="240.00" end="270.00" id="-D5" nVehContrib="3" flow="360.00" occupancy="12.38" speed="4.94" harmonicMeanSpeed="4.88" length="6.00" nVehEntered="3"/>
    <interval begin="240.00" end="270.00" id="-D6" nVehContrib="3" flow="360.00" occupancy="11.62" speed="5.47" harmonicMeanSpeed="5.27" length="6.00" nVehEntered="3"/>
    <interval begin="240.00" end="270.00" id="-D7" nVehContrib="3" flow="360.00" occupancy="14.55" speed="4.84" harmonicMeanSpeed="4.83" length="7.00" nVehEntered="3"/>
    <interval begin="240.00" end="270.00" id="-D8" nVehContrib="2" flow="240.00" occupancy="9.27" speed="4.68" harmonicMeanSpeed="4.68" length="6.50" nVehEntered="2"/>
    <interval begin="240.00" end="270.00" id="-D9" nVehContrib="1" flow="120.00" occupancy="2.05" speed="8.13" harmonicMeanSpeed="8.13" length="5.00" nVehEntered="1"/>
    <interval begin="240.00" end="270.00" id="D0" nVehContrib="1" flow="120.00" occupancy="2.20" speed="7.57" harmonicMeanSpeed="7.57" length="5.00" nVehEntered="1"/>
    <interval begin="240.00" end="270.00" id="D1" nVehContrib="1" flow="120.00" occupancy="1.43" speed="11.65" harmonicMeanSpeed="11.65" length="5.00" nVehEntered="1"/>
    <interval begin="240.00" end="270.00" id="D2" nVehContrib="2" flow="240.00" occupancy="8.49" speed="5.34" harmonicMeanSpeed="5.25" length="6.50" nVehEntered="2"/>
    <interval begin="240.00" end="270.00" id="D3" nVehContrib="0" flow="0.00" occupancy="0.00" speed="-1.00" harmonicMeanSpeed="-1.00" length="-1.00" nVehEntered="0"/>
    <interval begin="240.00" end="270.00" id="D4" nVehContrib="1" flow="120.00" occupancy="6.08" speed="4.39" harmonicMeanSpeed="4.39" length="8.00" nVehEntered="1"/>
    <interval begin="240.00" end="270.00" id="D5" nVehContrib="0" flow="0.00" occupancy="0.00" speed="-1.00" harmonicMeanSpeed="-1.00" length="-1.00" nVehEntered="0"/>
    <interval begin="240.00" end="270.00" id="D6" nVehContrib="0" flow="0.00" occupancy="0.00" speed="-1.00" harmonicMeanSpeed="-1.00" length="-1.00" nVehEntered="0"/>
    <interval begin="240.00" end="270.00" id="D7" nVehContrib="0" flow="0.00" occupancy="0.00" speed="-1.00" harmonicMeanSpeed="-1.00" length="-1.00" nVehEntered="0"/>
    <interval begin="240.00" end="270.00" id="D8" nVehContrib="6" flow="720.00" occupancy="19.41" speed="6.31" harmonicMeanSpeed="5.15" length="5.00" nVehEntered="6"/>
    <interval begin="240.00" end="270.00" id="D9" nVehContrib="0" flow="0.00" occupancy="0.00" speed="-1.00" harmonicMeanSpeed="-1.00" length="-1.00" nVehEntered="0"/>
    <interval begin="270.00" end="300.00" id="-D0" nVehContrib="0" flow="0.00" occupancy="0.00" speed="-1.00" harmonicMeanSpeed="-1.00" length="-1.00" nVehEntered="0"/>
    <interval begin="270.00" end="300.00" id="-D1" nVehContrib="0" flow="0.00" occupancy="0.00" speed="-1.00" harmonicMeanSpeed="-1.00" length="-1.00" nVehEntered="0"/>
    <interval begin="270.00" end="300.00" id="-D2" nVehContrib="0" flow="0.00" occupancy="91.70" speed="-1.00" harmonicMeanSpeed="-1.00" length="-1.00" nVehEntered="1"/>
    <interval begin="270.00" end="300.00" id="-D3" nVehContrib="4" flow="480.00" occupancy="18.53" speed="4.70" harmonicMeanSpeed="4.70" length="6.50" nVehEntered="4"/>
    <interval begin="270.00" end="300.00" id="-D4" nVehContrib="4" flow="480.00" occupancy="9.33" speed="7.45" harmonicMeanSpeed="7.15" length="5.00" nVehEntered="4"/>
    <interval begin="270.00" end="300.00" id="-D5" nVehContrib="3" flow="360.00" occupancy="11.91" speed="5.21" harmonicMeanSpeed="5.12" length="6.00" nVehEntered="3"/>
    <interval begin="270.00" end="300.00" id="-D6" nVehContrib="5" flow="600.00" occupancy="8.70" speed="9.83" harmonicMeanSpeed="9.58" length="5.00" nVehEntered="5"/>
    <interval begin="270.00" end="300.00" id="-D7" nVehContrib="1" flow="120.00" occupancy="12.04" speed="2.22" harmonicMeanSpeed="2.22" length="8.00" nVehEntered="1"/>
    <interval begin="270.00" end="300.00" id="-D8" nVehContrib="5" flow="600.00" occupancy="13.15" speed="8.15" harmonicMeanSpeed="7.54" length="5.60" nVehEntered="5"/>
    <interval begin="270.00" end="300.00" id="-D9" nVehContrib="2" flow="240.00" occupancy="3.41" speed="9.97" harmonicMeanSpeed="9.78" length="5.00" nVehEntered="2"/>
    <interval begin="270.00" end="300.00" id="D0" nVehContrib="1" flow="120.00" occupancy="5.59" speed="4.77" harmonicMeanSpeed="4.77" length="8.00" nVehEntered="1"/>
    <interval begin="270.00" end="300.00" id="D1" nVehContrib="0" flow="0.00" occupancy="0.00" speed="-1.00" harmonicMeanSpeed="-1.00" length="-1.00" nVehEntered="0"/>
    <interval begin="270.00" end="300.00" id="D2" nVehContrib="2" flow="240.00" occupancy="17.46" speed="3.45" harmonicMeanSpeed="3.05" length="8.00" nVehEntered="2"/>
    <interval begin="270.00" end="300.00" id="D3" nVehContrib="2" flow="240.00" occupancy="9.53" speed="4.52" harmonicMeanSpeed="4.52" length="6.50" nVehEntered="2"/>
    <interval begin="270.00" end="300.00" id="D4" nVehContrib="5" flow="600.00" occupancy="37.16" speed="3.52" harmonicMeanSpeed="2.99" length="6.80" nVehEntered="5"/>
    <interval begin="270.00" end="300.00" id="D5" nVehContrib="2" flow="240.00" occupancy="11.01" speed="4.84" harmonicMeanSpeed="4.84" length="8.00" nVehEntered="2"/>
    <interval begin="270.00" end="300.00" id="D6" nVehContrib="5" flow="600.00" occupancy="22.03" speed="4.69" harmonicMeanSpeed="4.69" length="6.20" nVehEntered="5"/>
    <interval begin="270.00" end="300.00" id="D7" nVehContrib="0" flow="0.00" occupancy="0.00" speed="-1.00" harmonicMeanSpeed="-1.00" length="-1.00" nVehEntered="0"/>
    <interval begin="270.00" end="300.00" id="D8" nVehContrib="1" flow="120.00" occupancy="5.96" speed="4.47" harmonicMeanSpeed="4.47" length="8.00" nVehEntered="1"/>
    <interval begin="270.00" end="300.00" id="D9" nVehContrib="0" flow="0.00" occupancy="0.00" speed="-1.00" harmonicMeanSpeed="-1.00" length="-1.00" nVehEntered="0"/>
    <interval begin="300.00" end="330.00" id="-D0" nVehContrib="1" flow="120.00" occupancy="5.71" speed="4.67" harmonicMeanSpeed="4.67" length="8.00" nVehEntered="1"/>
    <interval begin="300.00" end="330.00" id="-D1" nVehContrib="7" flow="840.00" occupancy="45.32" speed="3.82" harmonicMeanSpeed="3.00" length="5.86" nVehEntered="7"/>
    <interval begin="300.00" end="330.00" id="-D2" nVehContrib="2" flow="240.00" occupancy="35.53" speed="2.36" harmonicMeanSpeed="0.26" length="5.00" nVehEntered="1"/>
    <interval begin="300.00" end="330.00" id="-D3" nVehContrib="6" flow="720.00" occupancy="17.24" speed="7.39" harmonicMeanSpeed="6.62" length="5.50" nVehEntered="6"/>
    <interval begin="300.00" end="330.00" id="-D4" nVehContrib="4" flow="480.00" occupancy="27.06" speed="3.96" harmonicMeanSpeed="3.64" length="7.25" nVehEntered="4"/>
    <interval begin="300.00" end="330.00" id="-D5" nVehContrib="2" flow="240.00" occupancy="9.19" speed="4.72" harmonicMeanSpeed="4.72" length="6.50" nVehEntered="2"/>
    <interval begin="300.00" end="330.00" id="-D6" nVehContrib="3" flow="360.00" occupancy="5.23" speed="10.09" harmonicMeanSpeed="9.56" length="5.00" nVehEntered="3"/>
    <interval begin="300.00" end="330.00" id="-D7" nVehContrib="5" flow="600.00" occupancy="68.70" speed="4.93" harmonicMeanSpeed="3.96" length="5.00" nVehEntered="6"/>
    <interval begin="300.00" end="330.00" id="-D8" nVehContrib="0" flow="0.00" occupancy="0.00" speed="-1.00" harmonicMeanSpeed="-1.00" length="-1.00" nVehEntered="0"/>
    <interval begin="300.00" end="330.00" id="-D9" nVehContrib="0" flow="0.00" occupancy="0.00" speed="-1.00" harmonicMeanSpeed="-1.00" length="-1.00" nVehEntered="0"/>
    <interval begin="300.00" end="330.00" id="D0" nVehContrib="1" flow="120.00" occupancy="9.30" speed="1.79" harmonicMeanSpeed="1.79" length="5.00" nVehEntered="1"/>
    <interval begin="300.00" end="330.00" id="D1" nVehContrib="4" flow="480.00" occupancy="17.99" speed="5.67" harmonicMeanSpeed="5.56" length="5.75" nVehEntered="5"/>
    <interval begin="300.00" end="330.00" id="D2" nVehContrib="0" flow="0.00" occupancy="0.00" speed="-1.00" harmonicMeanSpeed="-1.00" length="-1.00" nVehEntered="0"/>
    <interval begin="300.00" end="330.00" id="D3" nVehContrib="7" flow="840.00" occupancy="17.14" speed="6.95" harmonicMeanSpeed="6.80" length="5.00" nVehEntered="7"/>
    <interval begin="300.00" end="330.00" id="D4" nVehContrib="5" flow="600.00" occupancy="17.24" speed="5.72" harmonicMeanSpeed="5.51" length="5.60" nVehEntered="5"/>
    <interval begin="300.00" end="330.00" id="D5" nVehContrib="3" flow="360.00" occupancy="14.47" speed="4.87" harmonicMeanSpeed="4.87" length="7.00" nVehEntered="3"/>
    <interval begin="300.00" end="330.00" id="D6" nVehContrib="1" flow="120.00" occupancy="5.52" speed="4.83" harmonicMeanSpeed="4.83" length="8.00" nVehEntered="1"/>
    <interval begin="300.00" end="330.00" id="D7" nVehContrib="2" flow="240.00" occupancy="9.04" speed="4.78" harmonicMeanSpeed="4.78" length="6.50" nVehEntered="2"/>
    <interval begin="300.00" end="330.00" id="D8" nVehContrib="5" flow="600.00" occupancy="19.53" speed="5.64" harmonicMeanSpeed="4.27" length="5.00" nVehEntered="5"/>
    <interval begin="300.00" end="330.00" id="D9" nVehContrib="0" flow="0.00" occupancy="0.00" speed="-1.00" harmonicMeanSpeed="-1.00" length="-1.00" nVehEntered="0"/>
    <interval begin="330.00" end="360.00" id="-D0" nVehContrib="7" flow="840.00" occupancy="16.12" speed="9.09" harmonicMeanSpeed="8.30" length="5.43" nVehEntered="7"/>
    <interval begin="330.00" end="360.00" id="-D1" nVehContrib="7" flow="840.00" occupancy="14.98" speed="7.94" harmonicMeanSpeed="7.79" length="5.00" nVehEntered="7"/>
    <interval begin="330.00" end="360.00" id="-D2" nVehContrib="2" flow="240.00" occupancy="8.34" speed="5.45" harmonicMeanSpeed="5.35" length="6.50" nVehEntered="2"/>
    <interval begin="330.00" end="360.00" id="-D3" nVehContrib="0" flow="0.00" occupancy="0.00" speed="-1.00" harmonicMeanSpeed="-1.00" length="-1.00" nVehEntered="0"/>
    <interval begin="330.00" end="360.00" id="-D4" nVehContrib="1" flow="120.00" occupancy="13.06" speed="4.33" harmonicMeanSpeed="4.33" length="8.00" nVehEntered="2"/>
    <interval begin="330.00" end="360.00" id="-D5" nVehContrib="2" flow="240.00" occupancy="10.63" speed="4.83" harmonicMeanSpeed="4.83" length="6.50" nVehEntered="3"/>
    <interval begin="330.00" end="360.00" id="-D6" nVehContrib="1" flow="120.00" occupancy="2.36" speed="7.05" harmonicMeanSpeed="7.05" length="5.00" nVehEntered="1"/>
    <interval begin="330.00" end="360.00" id="-D7" nVehContrib="5" flow="600.00" occupancy="70.02" speed="5.26" harmonicMeanSpeed="1.14" length="5.00" nVehEntered="5"/>
    <interval begin="330.00" end="360.00" id="-D8" nVehContrib="3" flow="360.00" occupancy="16.28" speed="4.85" harmonicMeanSpeed="4.85" length="7.00" nVehEntered="4"/>
    <interval begin="330.00" end="360.00" id="-D9" nVehContrib="2" flow="240.00" occupancy="9.15" speed="4.73" harmonicMeanSpeed="4.73" length="6.50" nVehEntered="2"/>
    <interval begin="330.00" end="360.00" id="D0" nVehContrib="0" flow="0.00" occupancy="0.00" speed="-1.00" harmonicMeanSpeed="-1.00" length="-1.00" nVehEntered="0"/>
    <interval begin="330.00" end="360.00" id="D1" nVehContrib="2" flow="240.00" occupancy="3.02" speed="8.24" harmonicMeanSpeed="6.85" length="6.50" nVehEntered="1"/>
    <interval begin="330.00" end="360.00" id="D2" nVehContrib="3" flow="360.00" occupancy="59.94" speed="3.00" harmonicMeanSpeed="2.57" length="6.00" nVehEntered="4"/>
    <interval begin="330.00" end="360.00" id="D3" nVehContrib="3" flow="360.00" occupancy="12.43" speed="4.83" harmonicMeanSpeed="4.83" length="6.00" nVehEntered="3"/>
    <interval begin="330.00" end="360.00" id="D4" nVehContrib="3" flow="360.00" occupancy="5.06" speed="10.28" harmonicMeanSpeed="9.88" length="5.00" nVehEntered="3"/>
    <interval begin="330.00" end="360.00" id="D5" nVehContrib="2" flow="240.00" occupancy="11.45" speed="4.66" harmonicMeanSpeed="4.66" length="8.00" nVehEntered="2"/>
    <interval begin="330.00" end="360.00" id="D6" nVehContrib="3" flow="360.00" occupancy="9.30" speed="5.51" harmonicMeanSpeed="5.38" length="5.00" nVehEntered="3"/>
    <interval begin="330.00" end="360.00" id="D7" nVehContrib="2" flow="240.00" occupancy="8.17" speed="5.57" harmonicMeanSpeed="5.47" length="6.50" nVehEntered="2"/>
    <interval begin="330.00" end="360.00" id="D8" nVehContrib="4" flow="480.00" occupancy="19.13" speed="4.19" harmonicMeanSpeed="3.93" length="5.75" nVehEntered="5"/>
    <interval begin="330.00" end="360.00" id="D9" nVehContrib="0" flow="0.00" occupancy="0.00" speed="-1.00" harmonicMeanSpeed="-1.00" length="-1.00" nVehEntered="0"/>
    <interval begin="360.00" end="390.00" id="-D0" nVehContrib="1" flow="120.00" occupancy="1.48" speed="11.29" harmonicMeanSpeed="11.29" length="5.00" nVehEntered="1"/>
    <interval begin="360.00" end="390.00" id="-D1" nVehContrib="1" flow="120.00" occupancy="2.18" speed="7.65" harmonicMeanSpeed="7.65" length="5.00" nVehEntered="1"/>
    <interval begin="360.00" end="390.00" id="-D2" nVehContrib="8" flow="960.00" occupancy="27.20" speed="6.67" harmonicMeanSpeed="5.35" length="5.38" nVehEntered="8"/>
    <interval begin="360.00" end="390.00" id="-D3" nVehContrib="1" flow="120.00" occupancy="5.51" speed="4.84" harmonicMeanSpeed="4.84" length="8.00" nVehEntered="1"/>
    <interval begin="360.00" end="390.00" id="-D4" nVehContrib="9" flow="1080.00" occupancy="42.18" speed="5.53" harmonicMeanSpeed="3.58" length="5.67" nVehEntered="8"/>
    <interval begin="360.00" end="390.00" id="-D5" nVehContrib="5" flow="600.00" occupancy="23.22" speed="5.55" harmonicMeanSpeed="4.25" length="5.60" nVehEntered="4"/>
    <interval begin="360.00" end="390.00" id="-D6" nVehContrib="1" flow="120.00" occupancy="2.17" speed="7.70" harmonicMeanSpeed="7.70" length="5.00" nVehEntered="1"/>
    <interval begin="360.00" end="390.00" id="-D7" nVehContrib="2" flow="240.00" occupancy="21.07" speed="2.42" harmonicMeanSpeed="0.52" length="6.50" nVehEntered="1"/>
    <interval begin="360.00" end="390.00" id="-D8" nVehContrib="7" flow="840.00" occupancy="22.80" speed="6.01" harmonicMeanSpeed="5.72" length="5.86" nVehEntered="6"/>
    <interval begin="360.00" end="390.00" id="-D9" nVehContrib="0" flow="0.00" occupancy="0.00" speed="-1.00" harmonicMeanSpeed="-1.00" length="-1.00" nVehEntered="0"/>
    <interval begin="360.00" end="390.00" id="D0" nVehContrib="3" flow="360.00" occupancy="11.88" speed="5.20" harmonicMeanSpeed="5.11" length="6.00" nVehEntered="3"/>
    <interval begin="360.00" end="390.00" id="D1" nVehContrib="0" flow="0.00" occupancy="0.00" speed="-1.00" harmonicMeanSpeed="-1.00" length="-1.00" nVehEntered="0"/>
    <interval begin="360.00" end="390.00" id="D2" nVehContrib="3" flow="360.00" occupancy="24.33" speed="2.81" harmonicMeanSpeed="0.90" length="7.00" nVehEntered="2"/>
    <interval begin="360.00" end="390.00" id="D3" nVehContrib="3" flow="360.00" occupancy="14.94" speed="4.69" harmonicMeanSpeed="4.69" length="7.00" nVehEntered="3"/>
    <interval begin="360.00" end="390.00" id="D4" nVehContrib="2" flow="240.00" occupancy="11.66" speed="4.58" harmonicMeanSpeed="4.57" length="8.00" nVehEntered="2"/>
    <interval begin="360.00" end="390.00" id="D5" nVehContrib="3" flow="360.00" occupancy="18.88" speed="3.49" harmonicMeanSpeed="3.04" length="6.00" nVehEntered="3"/>
    <interval begin="360.00" end="390.00" id="D6" nVehContrib="6" flow="720.00" occupancy="18.86" speed="6.25" harmonicMeanSpeed="5.97" length="5.50" nVehEntered="6"/>
    <interval begin="360.00" end="390.00" id="D7" nVehContrib="3" flow="360.00" occupancy="11.27" speed="5.58" harmonicMeanSpeed="5.47" length="6.00" nVehEntered="3"/>
    <interval begin="360.00" end="390.00" id="D8" nVehContrib="1" flow="120.00" occupancy="2.48" speed="6.68" harmonicMeanSpeed="6.68" length="5.00" nVehEntered="0"/>
    <interval begin="360.00" end="390.00" id="D9" nVehContrib="1" flow="120.00" occupancy="1.43" speed="11.67" harmonicMeanSpeed="11.67" length="5.00" nVehEntered="1"/>
    <interval begin="390.00" end="420.00" id="-D0" nVehContrib="2" flow="240.00" occupancy="2.85" speed="11.70" harmonicMeanSpeed="11.70" length="5.00" nVehEntered="2"/>
    <interval begin="390.00" end="420.00" id="-D1" nVehContrib="0" flow="0.00" occupancy="0.00" speed="-1.00" harmonicMeanSpeed="-1.00" length="-1.00" nVehEntered="0"/>
    <interval begin="390.00" end="420.00" id="-D2" nVehContrib="0" flow="0.00" occupancy="0.00" speed="-1.00" harmonicMeanSpeed="-1.00" length="-1.00" nVehEntered="0"/>
    <interval begin="390.00" end="420.00" id="-D3" nVehContrib="5" flow="600.00" occupancy="14.98" speed="6.92" harmonicMeanSpeed="6.45" length="5.60" nVehEntered="5"/>
    <interval begin="390.00" end="420.00" id="-D4" nVehContrib="1" flow="120.00" occupancy="1.84" speed="9.07" harmonicMeanSpeed="9.07" length="5.00" nVehEntered="1"/>
    <interval begin="390.00" end="420.00" id="-D5" nVehContrib="3" flow="360.00" occupancy="9.88" speed="6.97" harmonicMeanSpeed="6.48" length="6.00" nVehEntered="3"/>
    <interval begin="390.00" end="420.00" id="-D6" nVehContrib="0" flow="0.00" occupancy="0.00" speed="-1.00" harmonicMeanSpeed="-1.00" length="-1.00" nVehEntered="0"/>
    <interval begin="390.00" end="420.00" id="-D7" nVehContrib="2" flow="240.00" occupancy="57.55" speed="3.15" harmonicMeanSpeed="2.63" length="5.00" nVehEntered="3"/>
    <interval begin="390.00" end="420.00" id="-D8" nVehContrib="1" flow="120.00" occupancy="1.44" speed="11.55" harmonicMeanSpeed="11.55" length="5.00" nVehEntered="1"/>
    <interval begin="390.00" end="420.00" id="-D9" nVehContrib="1" flow="120.00" occupancy="2.07" speed="8.03" harmonicMeanSpeed="8.03" length="5.00" nVehEntered="1"/>
    <interval begin="390.00" end="420.00" id="D0" nVehContrib="0" flow="0.00" occupancy="0.00" speed="-1.00" harmonicMeanSpeed="-1.00" length="-1.00" nVehEntered="0"/>
    <interval begin="390.00" end="420.00" id="D1" nVehContrib="5" flow="600.00" occupancy="14.08" speed="7.52" harmonicMeanSpeed="6.99" length="5.60" nVehEntered="5"/>
    <interval begin="390.00" end="420.00" id="D2" nVehContrib="2" flow="240.00" occupancy="16.37" speed="2.67" harmonicMeanSpeed="2.49" length="6.50" nVehEntered="2"/>
    <interval begin="390.00" end="420.00" id="D3" nVehContrib="0" flow="0.00" occupancy="0.00" speed="-1.00" harmonicMeanSpeed="-1.00" length="-1.00" nVehEntered="0"/>
    <interval begin="390.00" end="420.00" id="D4" nVehContrib="7" flow="840.00" occupancy="28.04" speed="5.55" harmonicMeanSpeed="4.16" length="5.00" nVehEntered="7"/>
    <interval begin="390.00" end="420.00" id="D5" nVehContrib="3" flow="360.00" occupancy="8.22" speed="6.30" harmonicMeanSpeed="6.08" length="5.00" nVehEntered="3"/>
    <interval begin="390.00" end="420.00" id="D6" nVehContrib="0" flow="0.00" occupancy="0.00" speed="-1.00" harmonicMeanSpeed="-1.00" length="-1.00" nVehEntered="0"/>
    <interval begin="390.00" end="420.00" id="D7" nVehContrib="3" flow="360.00" occupancy="16.15" speed="5.04" harmonicMeanSpeed="4.56" length="7.00" nVehEntered="3"/>
    <interval begin="390.00" end="420.00" id="D8" nVehContrib="3" flow="360.00" occupancy="11.81" speed="5.12" harmonicMeanSpeed="5.11" length="6.00" nVehEntered="3"/>
    <interval begin="390.00" end="420.00" id="D9" nVehContrib="2" flow="240.00" occupancy="2.86" speed="11.68" harmonicMeanSpeed="11.67" length="5.00" nVehEntered="2"/>
    <interval begin="420.00" end="450.00" id="-D0" nVehContrib="3" flow="360.00" occupancy="10.29" speed="6.38" harmonicMeanSpeed="6.12" length="6.00" nVehEntered="3"/>
    <interval begin="420.00" end="450.00" id="-D1" nVehContrib="0" flow="0.00" occupancy="0.00" speed="-1.00" harmonicMeanSpeed="-1.00" length="-1.00" nVehEntered="0"/>
    <interval begin="420.00" end="450.00" id="-D2" nVehContrib="1" flow="120.00" occupancy="5.48" speed="4.87" harmonicMeanSpeed="4.87" length="8.00" nVehEntered="1"/>
    <interval begin="420.00" end="450.00" id="-D3" nVehContrib="3" flow="360.00" occupancy="16.83" speed="4.76" harmonicMeanSpeed="4.75" length="8.00" nVehEntered="3"/>
    <interval begin="420.00" end="450.00" id="-D4" nVehContrib="0" flow="0.00" occupancy="0.00" speed="-1.00" harmonicMeanSpeed="-1.00" length="-1.00" nVehEntered="0"/>
    <interval begin="420.00" end="450.00" id="-D5" nVehContrib="5" flow="600.00" occupancy="15.54" speed="6.63" harmonicMeanSpeed="6.20" length="5.60" nVehEntered="5"/>
    <interval begin="420.00" end="450.00" id="-D6" nVehContrib="0" flow="0.00" occupancy="0.00" speed="-1.00" harmonicMeanSpeed="-1.00" length="-1.00" nVehEntered="0"/>
    <interval begin="420.00" end="450.00" id="-D7" nVehContrib="5" flow="600.00" occupancy="71.52" speed="4.52" harmonicMeanSpeed="1.09" length="6.20" nVehEntered="4"/>
    <interval begin="420.00" end="450.00" id="-D8" nVehContrib="6" flow="720.00" occupancy="17.79" speed="6.58" harmonicMeanSpeed="6.39" length="5.50" nVehEntered="6"/>
    <interval begin="420.00" end="450.00" id="-D9" nVehContrib="0" flow="0.00" occupancy="0.00" speed="-1.00" harmonicMeanSpeed="-1.00" length="-1.00" nVehEntered="0"/>
    <interval begin="420.00" end="450.00" id="D0" nVehContrib="1" flow="120.00" occupancy="5.40" speed="4.94" harmonicMeanSpeed="4.94" length="8.00" nVehEntered="1"/>
    <interval begin="420.00" end="450.00" id="D1" nVehContrib="5" flow="600.00" occupancy="7.72" speed="10.82" harmonicMeanSpeed="10.79" length="5.00" nVehEntered="5"/>
    <interval begin="420.00" end="450.00" id="D2" nVehContrib="1" flow="120.00" occupancy="23.96" speed="1.87" harmonicMeanSpeed="1.87" length="8.00" nVehEntered="2"/>
    <interval begin="420.00" end="450.00" id="D3" nVehContrib="4" flow="480.00" occupancy="59.69" speed="3.52" harmonicMeanSpeed="1.21" length="5.75" nVehEntered="5"/>
    <interval begin="420.00" end="450.00" id="D4" nVehContrib="1" flow="120.00" occupancy="1.47" speed="11.32" harmonicMeanSpeed="11.32" length="5.00" nVehEntered="1"/>
    <interval begin="420.00" end="450.00" id="D5" nVehContrib="3" flow="360.00" occupancy="10.93" speed="6.08" harmonicMeanSpeed="5.72" length="6.00" nVehEntered="3"/>
    <interval begin="420.00" end="450.00" id="D6" nVehContrib="3" flow="360.00" occupancy="18.37" speed="4.62" harmonicMeanSpeed="4.62" length="7.00" nVehEntered="4"/>
    <interval begin="420.00" end="450.00" id="D7" nVehContrib="4" flow="480.00" occupancy="71.14" speed="3.33" harmonicMeanSpeed="0.98" length="5.75" nVehEntered="5"/>
    <interval begin="420.00" end="450.00" id="D8" nVehContrib="4" flow="480.00" occupancy="32.54" speed="3.05" harmonicMeanSpeed="2.77" length="6.50" nVehEntered="5"/>
    <interval begin="420.00" end="450.00" id="D9" nVehContrib="0" flow="0.00" occupancy="0.00" speed="-1.00" harmonicMeanSpeed="-1.00" length="-1.00" nVehEntered="0"/>
    <interval begin="450.00" end="480.00" id="-D0" nVehContrib="0" flow="0.00" occupancy="0.00" speed="-1.00" harmonicMeanSpeed="-1.00" length="-1.00" nVehEntered="0"/>
    <interval begin="450.00" end="480.00" id="-D1" nVehContrib="5" flow="600.00" occupancy="24.25" speed="5.92" harmonicMeanSpeed="3.76" length="5.60" nVehEntered="5"/>
    <interval begin="450.00" end="480.00" id="-D2" nVehContrib="4" flow="480.00" occupancy="26.29" speed="4.21" harmonicMeanSpeed="3.79" length="7.25" nVehEntered="4"/>
    <interval begin="450.00" end="480.00" id="-D3" nVehContrib="4" flow="480.00" occupancy="11.69" speed="7.53" harmonicMeanSpeed="6.99" length="5.75" nVehEntered="4"/>
    <interval begin="450.00" end="480.00" id="-D4" nVehContrib="5" flow="600.00" occupancy="16.61" speed="5.83" harmonicMeanSpeed="5.73" length="5.60" nVehEntered="5"/>
    <interval begin="450.00" end="480.00" id="-D5" nVehContrib="1" flow="120.00" occupancy="5.65" speed="4.72" harmonicMeanSpeed="4.72" length="8.00" nVehEntered="1"/>
    <interval begin="450.00" end="480.00" id="-D6" nVehContrib="1" flow="120.00" occupancy="5.58" speed="4.78" harmonicMeanSpeed="4.78" length="8.00" nVehEntered="1"/>
    <interval begin="450.00" end="480.00" id="-D7" nVehContrib="4" flow="480.00" occupancy="22.99" speed="5.02" harmonicMeanSpeed="4.10" length="6.50" nVehEntered="4"/>
    <interval begin="450.00" end="480.00" id="-D8" nVehContrib="0" flow="0.00" occupancy="0.00" speed="-1.00" harmonicMeanSpeed="-1.00" length="-1.00" nVehEntered="0"/>
    <interval begin="450.00" end="480.00" id="-D9" nVehContrib="3" flow="360.00" occupancy="15.17" speed="4.65" harmonicMeanSpeed="4.64" length="7.00" nVehEntered="3"/>
    <interval begin="450.00" end="480.00" id="D0" nVehContrib="1" flow="120.00" occupancy="1.98" speed="8.43" harmonicMeanSpeed="8.43" length="5.00" nVehEntered="1"/>
    <interval begin="450.00" end="480.00" id="D1" nVehContrib="6" flow="720.00" occupancy="17.66" speed="6.69" harmonicMeanSpeed="6.44" length="5.50" nVehEntered="6"/>
    <interval begin="450.00" end="480.00" id="D2" nVehContrib="8" flow="960.00" occupancy="52.72" speed="3.63" harmonicMeanSpeed="2.30" length="5.38" nVehEntered="7"/>
    <interval begin="450.00" end="480.00" id="D3" nVehContrib="3" flow="360.00" occupancy="4.46" speed="7.58" harmonicMeanSpeed="7.37" length="5.00" nVehEntered="2"/>
    <interval begin="450.00" end="480.00" id="D4" nVehContrib="1" flow="120.00" occupancy="2.06" speed="8.08" harmonicMeanSpeed="8.08" length="5.00" nVehEntered="1"/>
    <interval begin="450.00" end="480.00" id="D5" nVehContrib="3" flow="360.00" occupancy="6.27" speed="8.00" harmonicMeanSpeed="7.98" length="5.00" nVehEntered="3"/>
    <interval begin="450.00" end="480.00" id="D6" nVehContrib="4" flow="480.00" occupancy="13.08" speed="5.68" harmonicMeanSpeed="5.51" length="6.50" nVehEntered="3"/>
    <interval begin="450.00" end="480.00" id="D7" nVehContrib="3" flow="360.00" occupancy="7.53" speed="5.86" harmonicMeanSpeed="5.67" length="5.00" nVehEntered="2"/>
    <interval begin="450.00" end="480.00" id="D8" nVehContrib="3" flow="360.00" occupancy="51.99" speed="3.24" harmonicMeanSpeed="0.95" length="6.00" nVehEntered="2"/>
    <interval begin="450.00" end="480.00" id="D9" nVehContrib="0" flow="0.00" occupancy="0.00" speed="-1.00" harmonicMeanSpeed="-1.00" length="-1.00" nVehEntered="0"/>
    <interval begin="480.00" end="510.00" id="-D0" nVehContrib="1" flow="120.00" occupancy="1.42" speed="11.70" harmonicMeanSpeed="11.70" length="5.00" nVehEntered="1"/>
    <interval begin="480.00" end="510.00" id="-D1" nVehContrib="2" flow="240.00" occupancy="8.47" speed="5.22" harmonicMeanSpeed="5.20" length="6.50" nVehEntered="2"/>
    <interval begin="480.00" end="510.00" id="-D2" nVehContrib="3" flow="360.00" occupancy="10.57" speed="6.15" harmonicMeanSpeed="5.92" length="6.00" nVehEntered="3"/>
    <interval begin="480.00" end="510.00" id="-D3" nVehContrib="2" flow="240.00" occupancy="8.90" speed="4.88" harmonicMeanSpeed="4.88" length="6.50" nVehEntered="2"/>
    <interval begin="480.00" end="510.00" id="-D4" nVehContrib="4" flow="480.00" occupancy="20.05" speed="5.67" harmonicMeanSpeed="5.53" length="6.50" nVehEntered="5"/>
    <interval begin="480.00" end="510.00" id="-D5" nVehContrib="7" flow="840.00" occupancy="46.07" speed="5.62" harmonicMeanSpeed="2.65" length="5.43" nVehEntered="7"/>
    <interval begin="480.00" end="510.00" id="-D6" nVehContrib="4" flow="480.00" occupancy="25.79" speed="4.22" harmonicMeanSpeed="3.55" length="5.75" nVehEntered="5"/>
    <interval begin="480.00" end="510.00" id="-D7" nVehContrib="0" flow="0.00" occupancy="0.00" speed="-1.00" harmonicMeanSpeed="-1.00" length="-1.00" nVehEntered="0"/>
    <interval begin="480.00" end="510.00" id="-D8" nVehContrib="5" flow="600.00" occupancy="15.33" speed="6.50" harmonicMeanSpeed="6.27" length="5.60" nVehEntered="5"/>
    <interval begin="480.00" end="510.00" id="-D9" nVehContrib="0" flow="0.00" occupancy="0.00" speed="-1.00" harmonicMeanSpeed="-1.00" length="-1.00" nVehEntered="0"/>
    <interval begin="480.00" end="510.00" id="D0" nVehContrib="1" flow="120.00" occupancy="5.71" speed="4.67" harmonicMeanSpeed="4.67" length="8.00" nVehEntered="1"/>
    <interval begin="480.00" end="510.00" id="D1" nVehContrib="6" flow="720.00" occupancy="9.22" speed="10.93" harmonicMeanSpeed="10.85" length="5.00" nVehEntered="6"/>
    <interval begin="480.00" end="510.00" id="D2" nVehContrib="3" flow="360.00" occupancy="10.62" speed="6.05" harmonicMeanSpeed="5.87" length="6.00" nVehEntered="3"/>
    <interval begin="480.00" end="510.00" id="D3" nVehContrib="5" flow="600.00" occupancy="20.22" speed="5.97" harmonicMeanSpeed="4.59" length="5.60" nVehEntered="5"/>
    <interval begin="480.00" end="510.00" id="D4" nVehContrib="8" flow="960.00" occupancy="20.37" speed="7.94" harmonicMeanSpeed="7.34" length="5.38" nVehEntered="8"/>
    <interval begin="480.00" end="510.00" id="D5" nVehContrib="1" flow="120.00" occupancy="1.49" speed="11.16" harmonicMeanSpeed="11.16" length="5.00" nVehEntered="1"/>
    <interval begin="480.00" end="510.00" id="D6" nVehContrib="0" flow="0.00" occupancy="0.00" speed="-1.00" harmonicMeanSpeed="-1.00" length="-1.00" nVehEntered="0"/>
    <interval begin="480.00" end="510.00" id="D7" nVehContrib="5" flow="600.00" occupancy="23.61" speed="4.86" harmonicMeanSpeed="4.84" length="6.80" nVehEntered="5"/>
    <interval begin="480.00" end="510.00" id="D8" nVehContrib="4" flow="480.00" occupancy="9.63" speed="7.29" harmonicMeanSpeed="6.92" length="5.00" nVehEntered="4"/>
    <interval begin="480.00" end="510.00" id="D9" nVehContrib="4" flow="480.00" occupancy="11.36" speed="7.82" harmonicMeanSpeed="7.21" length="5.75" nVehEntered="4"/>
    <interval begin="510.00" end="540.00" id="-D0" nVehContrib="1" flow="120.00" occupancy="5.45" speed="4.90" harmonicMeanSpeed="4.90" length="8.00" nVehEntered="1"/>
    <interval begin="510.00" end="540.00" id="-D1" nVehContrib="4" flow="480.00" occupancy="20.75" speed="4.68" harmonicMeanSpeed="3.58" length="5.75" nVehEntered="4"/>
    <interval begin="510.00" end="540.00" id="-D2" nVehContrib="4" flow="480.00" occupancy="17.94" speed="4.88" harmonicMeanSpeed="4.87" length="6.50" nVehEntered="4"/>
    <interval begin="510.00" end="540.00" id="-D3" nVehContrib="4" flow="480.00" occupancy="12.28" speed="6.93" harmonicMeanSpeed="6.57" length="5.75" nVehEntered="4"/>
    <interval begin="510.00" end="540.00" id="-D4" nVehContrib="3" flow="360.00" occupancy="47.85" speed="3.80" harmonicMeanSpeed="0.97" length="5.00" nVehEntered="2"/>
    <interval begin="510.00" end="540.00" id="-D5" nVehContrib="2" flow="240.00" occupancy="9.88" speed="4.36" harmonicMeanSpeed="4.35" length="6.50" nVehEntered="2"/>
    <interval begin="510.00" end="540.00" id="-D6" nVehContrib="5" flow="600.00" occupancy="18.82" speed="4.83" harmonicMeanSpeed="4.82" length="6.80" nVehEntered="4"/>
    <interval begin="510.00" end="540.00" id="-D7" nVehContrib="2" flow="240.00" occupancy="40.39" speed="4.17" harmonicMeanSpeed="3.46" length="6.50" nVehEntered="3"/>
    <interval begin="510.00" end="540.00" id="-D8" nVehContrib="2" flow="240.00" occupancy="3.10" speed="10.81" harmonicMeanSpeed="10.75" length="5.00" nVehEntered="2"/>
    <interval begin="510.00" end="540.00" id="-D9" nVehContrib="1" flow="120.00" occupancy="5.77" speed="4.62" harmonicMeanSpeed="4.62" length="8.00" nVehEntered="1"/>
    <interval begin="510.00" end="540.00" id="D0" nVehContrib="1" flow="120.00" occupancy="1.47" speed="11.32" harmonicMeanSpeed="11.32" length="5.00" nVehEntered="1"/>
    <interval begin="510.00" end="540.00" id="D1" nVehContrib="2" flow="240.00" occupancy="11.23" speed="4.75" harmonicMeanSpeed="4.75" length="8.00" nVehEntered="2"/>
    <interval begin="510.00" end="540.00" id="D2" nVehContrib="0" flow="0.00" occupancy="0.00" speed="-1.00" harmonicMeanSpeed="-1.00" length="-1.00" nVehEntered="0"/>
    <interval begin="510.00" end="540.00" id="D3" nVehContrib="0" flow="0.00" occupancy="0.00" speed="-1.00" harmonicMeanSpeed="-1.00" length="-1.00" nVehEntered="0"/>
    <interval begin="510.00" end="540.00" id="D4" nVehContrib="3" flow="360.00" occupancy="14.94" speed="4.39" harmonicMeanSpeed="3.35" length="5.00" nVehEntered="3"/>
    <interval begin="510.00" end="540.00" id="D5" nVehContrib="4" flow="480.00" occupancy="13.52" speed="6.06" harmonicMeanSpeed="5.85" length="5.75" nVehEntered="4"/>
    <interval begin="510.00" end="540.00" id="D6" nVehContrib="7" flow="840.00" occupancy="19.99" speed="7.20" harmonicMeanSpeed="6.55" length="5.43" nVehEntered="7"/>
    <interval begin="510.00" end="540.00" id="D7" nVehContrib="2" flow="240.00" occupancy="60.98" speed="4.86" harmonicMeanSpeed="4.86" length="6.50" nVehEntered="3"/>
    <interval begin="510.00" end="540.00" id="D8" nVehContrib="5" flow="600.00" occupancy="65.39" speed="4.54" harmonicMeanSpeed="1.32" length="5.60" nVehEntered="5"/>
    <interval begin="510.00" end="540.00" id="D9" nVehContrib="0" flow="0.00" occupancy="4.89" speed="-1.00" harmonicMeanSpeed="-1.00" length="-1.00" nVehEntered="1"/>
    <interval begin="540.00" end="570.00" id="-D0" nVehContrib="2" flow="240.00" occupancy="7.96" speed="6.03" harmonicMeanSpeed="5.73" length="6.50" nVehEntered="2"/>
    <interval begin="540.00" end="570.00" id="-D1" nVehContrib="3" flow="360.00" occupancy="6.36" speed="8.65" harmonicMeanSpeed="7.86" length="5.00" nVehEntered="3"/>
    <interval begin="540.00" end="570.00" id="-D2" nVehContrib="4" flow="480.00" occupancy="15.42" speed="5.05" harmonicMeanSpeed="5.03" length="5.75" nVehEntered="4"/>
    <interval begin="540.00" end="570.00" id="-D3" nVehContrib="3" flow="360.00" occupancy="10.59" speed="6.19" harmonicMeanSpeed="5.92" length="6.00" nVehEntered="3"/>
    <interval begin="540.00" end="570.00" id="-D4" nVehContrib="0" flow="0.00" occupancy="0.00" speed="-1.00" harmonicMeanSpeed="-1.00" length="-1.00" nVehEntered="0"/>
    <interval begin="540.00" end="570.00" id="-D5" nVehContrib="6" flow="720.00" occupancy="20.84" speed="6.23" harmonicMeanSpeed="6.01" length="6.00" nVehEntered="6"/>
    <interval begin="540.00" end="570.00" id="-D6" nVehContrib="3" flow="360.00" occupancy="13.54" speed="5.47" harmonicMeanSpeed="5.33" length="7.00" nVehEntered="3"/>
    <interval begin="540.00" end="570.00" id="-D7" nVehContrib="6" flow="720.00" occupancy="22.13" speed="5.23" harmonicMeanSpeed="3.02" length="6.50" nVehEntered="5"/>
    <interval begin="540.00" end="570.00" id="-D8" nVehContrib="0" flow="0.00" occupancy="0.00" speed="-1.00" harmonicMeanSpeed="-1.00" length="-1.00" nVehEntered="0"/>
    <interval begin="540.00" end="570.00" id="-D9" nVehContrib="1" flow="120.00" occupancy="2.11" speed="7.90" harmonicMeanSpeed="7.90" length="5.00" nVehEntered="1"/>
    <interval begin="540.00" end="570.00" id="D0" nVehContrib="0" flow="0.00" occupancy="0.00" speed="-1.00" harmonicMeanSpeed="-1.00" length="-1.00" nVehEntered="0"/>
    <interval begin="540.00" end="570.00" id="D1" nVehContrib="5" flow="600.00" occupancy="18.12" speed="5.40" harmonicMeanSpeed="5.22" length="5.60" nVehEntered="5"/>
    <interval begin="540.00" end="570.00" id="D2" nVehContrib="2" flow="240.00" occupancy="86.38" speed="4.66" harmonicMeanSpeed="4.65" length="6.50" nVehEntered="3"/>
    <interval begin="540.00" end="570.00" id="D3" nVehContrib="0" flow="0.00" occupancy="0.00" speed="-1.00" harmonicMeanSpeed="-1.00" length="-1.00" nVehEntered="0"/>
    <interval begin="540.00" end="570.00" id="D4" nVehContrib="4" flow="480.00" occupancy="19.76" speed="4.91" harmonicMeanSpeed="4.91" length="7.25" nVehEntered="4"/>
    <interval begin="540.00" end="570.00" id="D5" nVehContrib="1" flow="120.00" occupancy="2.22" speed="7.52" harmonicMeanSpeed="7.52" length="5.00" nVehEntered="1"/>
    <interval begin="540.00" end="570.00" id="D6" nVehContrib="3" flow="360.00" occupancy="12.11" speed="7.70" harmonicMeanSpeed="7.63" length="5.00" nVehEntered="4"/>
    <interval begin="540.00" end="570.00" id="D7" nVehContrib="6" flow="720.00" occupancy="60.52" speed="3.09" harmonicMeanSpeed="0.90" length="5.00" nVehEntered="6"/>
    <interval begin="540.00" end="570.00" id="D8" nVehContrib="2" flow="240.00" occupancy="8.89" speed="4.91" harmonicMeanSpeed="4.91" length="6.50" nVehEntered="2"/>
    <interval begin="540.00" end="570.00" id="D9" nVehContrib="3" flow="360.00" occupancy="4.95" speed="7.43" harmonicMeanSpeed="6.51" length="6.00" nVehEntered="2"/>
    <interval begin="570.00" end="595.00" id="-D0" nVehContrib="0" flow="0.00" occupancy="0.00" speed="-1.00" harmonicMeanSpeed="-1.00" length="-1.00" nVehEntered="0"/>
    <interval begin="570.00" end="595.00" id="-D1" nVehContrib="0" flow="0.00" occupancy="0.00" speed="-1.00" harmonicMeanSpeed="-1.00" length="-1.00" nVehEntered="0"/>
    <interval begin="570.00" end="595.00" id="-D2" nVehContrib="0" flow="0.00" occupancy="0.00" speed="-1.00" harmonicMeanSpeed="-1.00" length="-1.00" nVehEntered="0"/>
    <interval begin="570.00" end="595.00" id="-D3" nVehContrib="4" flow="576.00" occupancy="15.97" speed="6.13" harmonicMeanSpeed="5.91" length="5.75" nVehEntered="4"/>
    <interval begin="570.00" end="595.00" id="-D4" nVehContrib="3" flow="432.00" occupancy="20.19" speed="4.05" harmonicMeanSpeed="3.43" length="6.00" nVehEntered="3"/>
    <interval begin="570.00" end="595.00" id="-D5" nVehContrib="2" flow="288.00" occupancy="5.18" speed="7.73" harmonicMeanSpeed="7.72" length="5.00" nVehEntered="2"/>
    <interval begin="570.00" end="595.00" id="-D6" nVehContrib="3" flow="432.00" occupancy="15.42" speed="4.69" harmonicMeanSpeed="4.69" length="6.00" nVehEntered="3"/>
    <interval begin="570.00" end="595.00" id="-D7" nVehContrib="3" flow="432.00" occupancy="30.21" speed="2.51" harmonicMeanSpeed="2.22" length="6.00" nVehEntered="3"/>
    <interval begin="570.00" end="595.00" id="-D8" nVehContrib="4" flow="576.00" occupancy="14.32" speed="7.11" harmonicMeanSpeed="6.74" length="5.75" nVehEntered="4"/>
    <interval begin="570.00" end="595.00" id="-D9" nVehContrib="0" flow="0.00" occupancy="0.00" speed="-1.00" harmonicMeanSpeed="-1.00" length="-1.00" nVehEntered="0"/>
    <interval begin="570.00" end="595.00" id="D0" nVehContrib="3" flow="432.00" occupancy="17.80" speed="4.73" harmonicMeanSpeed="4.73" length="7.00" nVehEntered="3"/>
    <interval begin="570.00" end="595.00" id="D1" nVehContrib="3" flow="432.00" occupancy="14.15" speed="5.25" harmonicMeanSpeed="5.17" length="6.00" nVehEntered="3"/>
    <interval begin="570.00" end="595.00" id="D2" nVehContrib="3" flow="432.00" occupancy="75.76" speed="1.89" harmonicMeanSpeed="0.42" length="5.00" nVehEntered="3"/>
    <interval begin="570.00" end="595.00" id="D3" nVehContrib="1" flow="144.00" occupancy="6.90" speed="4.64" harmonicMeanSpeed="4.64" length="8.00" nVehEntered="1"/>
    <interval begin="570.00" end="595.00" id="D4" nVehContrib="5" flow="720.00" occupancy="22.71" speed="5.91" harmonicMeanSpeed="5.67" length="6.20" nVehEntered="5"/>
    <interval begin="570.00" end="595.00" id="D5" nVehContrib="3" flow="432.00" occupancy="12.37" speed="6.31" harmonicMeanSpeed="6.09" length="6.00" nVehEntered="3"/>
    <interval begin="570.00" end="595.00" id="D6" nVehContrib="4" flow="576.00" occupancy="11.14" speed="5.38" harmonicMeanSpeed="5.27" length="5.75" nVehEntered="3"/>
    <interval begin="570.00" end="595.00" id="D7" nVehContrib="4" flow="576.00" occupancy="64.66" speed="3.27" harmonicMeanSpeed="1.29" length="5.75" nVehEntered="3"/>
    <interval begin="570.00" end="595.00" id="D8" nVehContrib="2" flow="288.00" occupancy="9.81" speed="5.77" harmonicMeanSpeed="5.54" length="6.50" nVehEntered="2"/>
    <interval begin="570.00" end="595.00" id="D9" nVehContrib="1" flow="144.00" occupancy="1.68" speed="11.91" harmonicMeanSpeed="11.91" length="5.00" nVehEntered="1"/>
</detector>
